2025-03-29 22:32:54 [INFO] root: 日志系统已配置完成
2025-03-29 22:32:54 [INFO] 测试管理器: 测试管理器初始化完成
2025-03-29 22:32:54 [DEBUG] 测试管理器: 添加测试用例: 大象识别测试
2025-03-29 22:32:54 [DEBUG] 测试管理器: 添加测试用例: 风险控制测试
2025-03-29 22:32:54 [INFO] 测试管理器: 开始运行测试: 大象识别测试
2025-03-29 22:32:54 [INFO] 测试_大象识别: 开始测试大象识别功能
2025-03-29 22:32:54 [DEBUG] 大象识别器: 发现疑似大象: 000001 价格:10.0 数量:1000 委托金额:1000000.0 档位:0
2025-03-29 22:32:55 [INFO] 大象识别器: 确认大象: 000001 价格:10.0 数量:1000 委托金额:1000000.0 档位:0 确认次数:2 存在时长:1.5秒
2025-03-29 22:32:55 [DEBUG] 大象识别器: 发现疑似卖单大象: 000001 价格:10.2 数量:200000 委托金额:203999999.99999997 档位:1
2025-03-29 22:32:57 [INFO] 大象识别器: 确认卖单大象: 000001 价格:10.2 数量:200000 委托金额:203999999.99999997 档位:1 确认次数:2 存在时长:1.5秒
2025-03-29 22:32:57 [INFO] 测试_大象识别: 买单大象检测结果: {'股票代码': '000001', '价格': 10.0, '数量': 1000, '委托金额': 1000000.0, '档位数': 0, '深度位置': 0, '首次发现时间': 1743258774100, '最后更新时间': 1743258775600, '确认次数': 2, '类型': '买单大象'}
2025-03-29 22:32:57 [INFO] 测试_大象识别: 卖单大象检测结果: {'股票代码': '000001', '价格': 10.2, '数量': 200000, '委托金额': 203999999.99999997, '档位数': 1, '深度位置': 1, '首次发现时间': 1743258774100, '最后更新时间': 1743258775600, '确认次数': 2, '类型': '卖单大象'}
2025-03-29 22:32:57 [INFO] 测试_大象识别: 大象识别测试通过
2025-03-29 22:32:57 [INFO] 测试管理器: 测试 大象识别测试 完成，结果: 成功
2025-03-29 22:32:57 [INFO] 测试管理器: 开始运行测试: 风险控制测试
2025-03-29 22:32:57 [INFO] 测试_风险控制: 开始测试风险控制功能
2025-03-29 22:32:57 [INFO] 风险控制: 风险控制器初始化完成
2025-03-29 22:32:57 [INFO] 测试_风险控制: 正常交易风控结果: True
2025-03-29 22:32:57 [WARNING] 风险控制: 触发单笔亏损风控: 000002 亏损 -20000.0，超过限制 10000.0
2025-03-29 22:32:57 [INFO] 测试_风险控制: 大亏损交易风控结果: False
2025-03-29 22:32:57 [WARNING] 风险控制: 触发连续亏损次数风控: 连续亏损 4 次，超过限制 3
2025-03-29 22:32:57 [INFO] 测试_风险控制: 第3次连续亏损触发风控
2025-03-29 22:32:57 [WARNING] 风险控制: 触发单股交易次数风控: 000004 交易次数 6，超过限制 5
2025-03-29 22:32:57 [INFO] 测试_风险控制: 第6次交易触发风控
2025-03-29 22:32:57 [INFO] 测试_风险控制: 风险控制测试通过
2025-03-29 22:32:57 [INFO] 测试管理器: 测试 风险控制测试 完成，结果: 成功
2025-03-29 23:03:44 [INFO] root: 日志系统已配置完成
2025-03-29 23:03:44 [INFO] 测试管理器: 测试管理器初始化完成
2025-03-29 23:03:44 [INFO] 测试管理器: 开始运行测试: 大象识别
2025-03-29 23:03:44 [INFO] 测试_大象识别: 开始测试大象识别功能
2025-03-29 23:03:46 [INFO] 大象识别器: 确认大象: 000001 价格:10.0 数量:1000 委托金额:1000000.0 档位:0 确认次数:2 存在时长:1.5秒
2025-03-29 23:03:47 [INFO] 大象识别器: 确认卖单大象: 000001 价格:10.2 数量:200000 委托金额:203999999.99999997 档位:1 确认次数:2 存在时长:1.5秒
2025-03-29 23:03:47 [INFO] 测试_大象识别: 买单大象检测结果: {'股票代码': '000001', '价格': 10.0, '数量': 1000, '委托金额': 1000000.0, '档位数': 0, '深度位置': 0, '首次发现时间': 1743260624554, '最后更新时间': 1743260626054, '确认次数': 2, '类型': '买单大象'}
2025-03-29 23:03:47 [INFO] 测试_大象识别: 卖单大象检测结果: {'股票代码': '000001', '价格': 10.2, '数量': 200000, '委托金额': 203999999.99999997, '档位数': 1, '深度位置': 1, '首次发现时间': 1743260624554, '最后更新时间': 1743260626054, '确认次数': 2, '类型': '卖单大象'}
2025-03-29 23:03:47 [INFO] 大象识别器: 已重置股票 000001 的大象跟踪状态
2025-03-29 23:03:47 [INFO] 测试_大象识别: 大象识别测试通过
2025-03-29 23:03:47 [INFO] 测试管理器: 测试 大象识别 完成，结果: 成功
2025-03-29 23:03:47 [INFO] 测试管理器: 开始运行测试: 大象消失检测
2025-03-29 23:03:47 [INFO] 测试_大象消失检测: 开始测试大象消失检测功能
2025-03-29 23:03:49 [INFO] 大象识别器: 确认大象: 000001 价格:10.0 数量:1000 委托金额:1000000.0 档位:0 确认次数:2 存在时长:1.5秒
2025-03-29 23:03:49 [INFO] 测试_大象消失检测: 已识别大象: {'股票代码': '000001', '价格': 10.0, '数量': 1000, '委托金额': 1000000.0, '档位数': 0, '深度位置': 0, '首次发现时间': 1743260627559, '最后更新时间': 1743260629059, '确认次数': 2, '类型': '买单大象'}
2025-03-29 23:03:49 [INFO] 测试_大象消失检测: 大象消失检测结果: False
2025-03-29 23:03:49 [INFO] 测试管理器: 测试 大象消失检测 完成，结果: 失败
2025-03-29 23:03:49 [INFO] 测试管理器: 开始运行测试: 风险控制
2025-03-29 23:03:49 [INFO] 测试_风险控制: 开始测试风险控制功能
2025-03-29 23:03:49 [ERROR] 测试管理器: 测试 风险控制 执行出错: 风险控制器.__init__() got an unexpected keyword argument '初始资产'
2025-03-29 23:03:49 [INFO] 测试管理器: 开始运行测试: 资金风险控制
2025-03-29 23:03:49 [INFO] 测试_资金风险控制: 开始测试资金风险控制功能
2025-03-29 23:03:49 [ERROR] 测试管理器: 测试 资金风险控制 执行出错: 风险控制器.__init__() got an unexpected keyword argument '初始资产'
2025-03-29 23:10:12 [INFO] root: 日志系统已配置完成
2025-03-29 23:10:12 [INFO] 测试管理器: 测试管理器初始化完成
2025-03-29 23:10:12 [INFO] 测试管理器: 开始运行测试: 大象识别
2025-03-29 23:10:12 [INFO] 测试_大象识别: 开始测试大象识别功能
2025-03-29 23:10:13 [INFO] 大象识别器: 确认大象: 000001 价格:10.0 数量:1000 委托金额:1000000.0 档位:0 确认次数:2 存在时长:1.5秒
2025-03-29 23:10:15 [INFO] 大象识别器: 确认卖单大象: 000001 价格:10.2 数量:200000 委托金额:203999999.99999997 档位:1 确认次数:2 存在时长:1.5秒
2025-03-29 23:10:15 [INFO] 测试_大象识别: 买单大象检测结果: {'股票代码': '000001', '价格': 10.0, '数量': 1000, '委托金额': 1000000.0, '档位数': 0, '深度位置': 0, '首次发现时间': 1743261012169, '最后更新时间': 1743261013669, '确认次数': 2, '类型': '买单大象'}
2025-03-29 23:10:15 [INFO] 测试_大象识别: 卖单大象检测结果: {'股票代码': '000001', '价格': 10.2, '数量': 200000, '委托金额': 203999999.99999997, '档位数': 1, '深度位置': 1, '首次发现时间': 1743261012169, '最后更新时间': 1743261013669, '确认次数': 2, '类型': '卖单大象'}
2025-03-29 23:10:15 [INFO] 大象识别器: 已重置股票 000001 的大象跟踪状态
2025-03-29 23:10:15 [INFO] 测试_大象识别: 大象识别测试通过
2025-03-29 23:10:15 [INFO] 测试管理器: 测试 大象识别 完成，结果: 成功
2025-03-29 23:10:15 [INFO] 测试管理器: 开始运行测试: 大象消失检测
2025-03-29 23:10:15 [INFO] 测试_大象消失检测: 开始测试大象消失检测功能
2025-03-29 23:10:16 [INFO] 大象识别器: 确认大象: 000001 价格:10.0 数量:1000 委托金额:1000000.0 档位:0 确认次数:2 存在时长:1.5秒
2025-03-29 23:10:16 [INFO] 测试_大象消失检测: 已识别大象: {'股票代码': '000001', '价格': 10.0, '数量': 1000, '委托金额': 1000000.0, '档位数': 0, '深度位置': 0, '首次发现时间': 1743261015174, '最后更新时间': 1743261016674, '确认次数': 2, '类型': '买单大象'}
2025-03-29 23:10:16 [INFO] 测试_大象消失检测: 大象消失检测结果: False
2025-03-29 23:10:16 [INFO] 测试管理器: 测试 大象消失检测 完成，结果: 失败
2025-03-29 23:10:16 [INFO] 测试管理器: 开始运行测试: 风险控制
2025-03-29 23:10:16 [INFO] 测试_风险控制: 开始测试风险控制功能
2025-03-29 23:10:16 [INFO] 风险控制: 风险控制器初始化完成
2025-03-29 23:10:16 [WARNING] 风险控制: 触发单笔亏损风控: 000001 亏损 -20000.0，超过限制 10000.0
2025-03-29 23:10:16 [INFO] 测试_风险控制: 单笔亏损检查结果: False
2025-03-29 23:10:16 [WARNING] 风险控制: 股票 000001 在风控冷却期内，禁止交易
2025-03-29 23:10:16 [INFO] 测试_风险控制: 单股亏损检查结果: False
2025-03-29 23:10:16 [WARNING] 风险控制: 股票 000001 在风控冷却期内，禁止交易
2025-03-29 23:10:16 [INFO] 测试_风险控制: 交易次数检查结果: False
2025-03-29 23:10:16 [WARNING] 风险控制: 触发单股交易次数风控: 000002 交易次数 51，超过限制 50
2025-03-29 23:10:16 [INFO] 测试_风险控制: 风控评估结果: False
2025-03-29 23:10:16 [WARNING] 风险控制: 股票 000002 在风控冷却期内，禁止交易
2025-03-29 23:10:16 [INFO] 测试_风险控制: 重置后交易次数检查结果: False
2025-03-29 23:10:16 [ERROR] 测试_风险控制: 风险控制测试失败
2025-03-29 23:10:16 [INFO] 测试管理器: 测试 风险控制 完成，结果: 失败
2025-03-29 23:10:16 [INFO] 测试管理器: 开始运行测试: 资金风险控制
2025-03-29 23:10:16 [INFO] 测试_资金风险控制: 开始测试资金风险控制功能
2025-03-29 23:10:16 [INFO] 风险控制: 风险控制器初始化完成
2025-03-29 23:10:16 [INFO] 测试_资金风险控制: 总交易次数: 3
2025-03-29 23:10:16 [INFO] 测试_资金风险控制: 000001单股交易次数: 1
2025-03-29 23:10:16 [INFO] 测试_资金风险控制: 资金风险控制测试通过
2025-03-29 23:10:16 [INFO] 测试管理器: 测试 资金风险控制 完成，结果: 成功
2025-03-29 23:10:33 [INFO] root: 日志系统已配置完成
2025-03-29 23:10:33 [INFO] 测试管理器: 测试管理器初始化完成
2025-03-29 23:10:33 [INFO] 测试管理器: 开始运行测试: 大象识别
2025-03-29 23:10:33 [INFO] 测试_大象识别: 开始测试大象识别功能
2025-03-29 23:10:35 [INFO] 大象识别器: 确认大象: 000001 价格:10.0 数量:1000 委托金额:1000000.0 档位:0 确认次数:2 存在时长:1.5秒
2025-03-29 23:10:36 [INFO] 大象识别器: 确认卖单大象: 000001 价格:10.2 数量:200000 委托金额:203999999.99999997 档位:1 确认次数:2 存在时长:1.5秒
2025-03-29 23:10:36 [INFO] 测试_大象识别: 买单大象检测结果: {'股票代码': '000001', '价格': 10.0, '数量': 1000, '委托金额': 1000000.0, '档位数': 0, '深度位置': 0, '首次发现时间': 1743261033639, '最后更新时间': 1743261035139, '确认次数': 2, '类型': '买单大象'}
2025-03-29 23:10:36 [INFO] 测试_大象识别: 卖单大象检测结果: {'股票代码': '000001', '价格': 10.2, '数量': 200000, '委托金额': 203999999.99999997, '档位数': 1, '深度位置': 1, '首次发现时间': 1743261033639, '最后更新时间': 1743261035139, '确认次数': 2, '类型': '卖单大象'}
2025-03-29 23:10:36 [INFO] 大象识别器: 已重置股票 000001 的大象跟踪状态
2025-03-29 23:10:36 [INFO] 测试_大象识别: 大象识别测试通过
2025-03-29 23:10:36 [INFO] 测试管理器: 测试 大象识别 完成，结果: 成功
2025-03-29 23:10:36 [INFO] 测试管理器: 开始运行测试: 大象消失检测
2025-03-29 23:10:36 [INFO] 测试_大象消失检测: 开始测试大象消失检测功能
2025-03-29 23:10:38 [INFO] 大象识别器: 确认大象: 000001 价格:10.0 数量:1000 委托金额:1000000.0 档位:0 确认次数:2 存在时长:1.5秒
2025-03-29 23:10:38 [INFO] 测试_大象消失检测: 已识别大象: {'股票代码': '000001', '价格': 10.0, '数量': 1000, '委托金额': 1000000.0, '档位数': 0, '深度位置': 0, '首次发现时间': 1743261036644, '最后更新时间': 1743261038144, '确认次数': 2, '类型': '买单大象'}
2025-03-29 23:10:38 [INFO] 测试_大象消失检测: 大象消失检测结果: False
2025-03-29 23:10:38 [INFO] 测试管理器: 测试 大象消失检测 完成，结果: 失败
2025-03-29 23:10:38 [INFO] 测试管理器: 开始运行测试: 风险控制
2025-03-29 23:10:38 [INFO] 测试_风险控制: 开始测试风险控制功能
2025-03-29 23:10:38 [INFO] 风险控制: 风险控制器初始化完成
2025-03-29 23:10:38 [WARNING] 风险控制: 触发单笔亏损风控: 000001 亏损 -20000.0，超过限制 10000.0
2025-03-29 23:10:38 [INFO] 测试_风险控制: 单笔亏损检查结果: False
2025-03-29 23:10:38 [WARNING] 风险控制: 股票 000001 在风控冷却期内，禁止交易
2025-03-29 23:10:38 [INFO] 测试_风险控制: 单股亏损检查结果: False
2025-03-29 23:10:38 [WARNING] 风险控制: 股票 000001 在风控冷却期内，禁止交易
2025-03-29 23:10:38 [INFO] 测试_风险控制: 交易次数检查结果: False
2025-03-29 23:10:38 [WARNING] 风险控制: 触发单股交易次数风控: 000002 交易次数 51，超过限制 50
2025-03-29 23:10:38 [INFO] 测试_风险控制: 风控评估结果: False
2025-03-29 23:10:38 [WARNING] 风险控制: 股票 000002 在风控冷却期内，禁止交易
2025-03-29 23:10:38 [INFO] 测试_风险控制: 重置后交易次数检查结果: False
2025-03-29 23:10:38 [ERROR] 测试_风险控制: 风险控制测试失败
2025-03-29 23:10:38 [INFO] 测试管理器: 测试 风险控制 完成，结果: 失败
2025-03-29 23:10:38 [INFO] 测试管理器: 开始运行测试: 资金风险控制
2025-03-29 23:10:38 [INFO] 测试_资金风险控制: 开始测试资金风险控制功能
2025-03-29 23:10:38 [INFO] 风险控制: 风险控制器初始化完成
2025-03-29 23:10:38 [INFO] 测试_资金风险控制: 总交易次数: 3
2025-03-29 23:10:38 [INFO] 测试_资金风险控制: 000001单股交易次数: 1
2025-03-29 23:10:38 [INFO] 测试_资金风险控制: 资金风险控制测试通过
2025-03-29 23:10:38 [INFO] 测试管理器: 测试 资金风险控制 完成，结果: 成功
2025-03-29 23:10:43 [INFO] root: 日志系统已配置完成
2025-03-29 23:10:43 [INFO] 测试管理器: 测试管理器初始化完成
2025-03-29 23:10:43 [INFO] 测试管理器: 开始运行测试: 大象识别
2025-03-29 23:10:43 [INFO] 测试_大象识别: 开始测试大象识别功能
2025-03-29 23:10:45 [INFO] 大象识别器: 确认大象: 000001 价格:10.0 数量:1000 委托金额:1000000.0 档位:0 确认次数:2 存在时长:1.5秒
2025-03-29 23:10:46 [INFO] 大象识别器: 确认卖单大象: 000001 价格:10.2 数量:200000 委托金额:203999999.99999997 档位:1 确认次数:2 存在时长:1.5秒
2025-03-29 23:10:46 [INFO] 测试_大象识别: 买单大象检测结果: {'股票代码': '000001', '价格': 10.0, '数量': 1000, '委托金额': 1000000.0, '档位数': 0, '深度位置': 0, '首次发现时间': 1743261043953, '最后更新时间': 1743261045453, '确认次数': 2, '类型': '买单大象'}
2025-03-29 23:10:46 [INFO] 测试_大象识别: 卖单大象检测结果: {'股票代码': '000001', '价格': 10.2, '数量': 200000, '委托金额': 203999999.99999997, '档位数': 1, '深度位置': 1, '首次发现时间': 1743261043953, '最后更新时间': 1743261045453, '确认次数': 2, '类型': '卖单大象'}
2025-03-29 23:10:46 [INFO] 大象识别器: 已重置股票 000001 的大象跟踪状态
2025-03-29 23:10:46 [INFO] 测试_大象识别: 大象识别测试通过
2025-03-29 23:10:46 [INFO] 测试管理器: 测试 大象识别 完成，结果: 成功
2025-03-29 23:10:46 [INFO] 测试管理器: 开始运行测试: 大象消失检测
2025-03-29 23:10:46 [INFO] 测试_大象消失检测: 开始测试大象消失检测功能
2025-03-29 23:10:48 [INFO] 大象识别器: 确认大象: 000001 价格:10.0 数量:1000 委托金额:1000000.0 档位:0 确认次数:2 存在时长:1.5秒
2025-03-29 23:10:48 [INFO] 测试_大象消失检测: 已识别大象: {'股票代码': '000001', '价格': 10.0, '数量': 1000, '委托金额': 1000000.0, '档位数': 0, '深度位置': 0, '首次发现时间': 1743261046958, '最后更新时间': 1743261048458, '确认次数': 2, '类型': '买单大象'}
2025-03-29 23:10:48 [INFO] 测试_大象消失检测: 大象消失检测结果: False
2025-03-29 23:10:48 [INFO] 测试管理器: 测试 大象消失检测 完成，结果: 失败
2025-03-29 23:10:48 [INFO] 测试管理器: 开始运行测试: 风险控制
2025-03-29 23:10:48 [INFO] 测试_风险控制: 开始测试风险控制功能
2025-03-29 23:10:48 [INFO] 风险控制: 风险控制器初始化完成
2025-03-29 23:10:48 [WARNING] 风险控制: 触发单笔亏损风控: 000001 亏损 -20000.0，超过限制 10000.0
2025-03-29 23:10:48 [INFO] 测试_风险控制: 单笔亏损检查结果: False
2025-03-29 23:10:48 [WARNING] 风险控制: 股票 000001 在风控冷却期内，禁止交易
2025-03-29 23:10:48 [INFO] 测试_风险控制: 单股亏损检查结果: False
2025-03-29 23:10:48 [WARNING] 风险控制: 股票 000001 在风控冷却期内，禁止交易
2025-03-29 23:10:48 [INFO] 测试_风险控制: 交易次数检查结果: False
2025-03-29 23:10:48 [WARNING] 风险控制: 触发单股交易次数风控: 000002 交易次数 51，超过限制 50
2025-03-29 23:10:48 [INFO] 测试_风险控制: 风控评估结果: False
2025-03-29 23:10:48 [WARNING] 风险控制: 股票 000002 在风控冷却期内，禁止交易
2025-03-29 23:10:48 [INFO] 测试_风险控制: 重置后交易次数检查结果: False
2025-03-29 23:10:48 [ERROR] 测试_风险控制: 风险控制测试失败
2025-03-29 23:10:48 [INFO] 测试管理器: 测试 风险控制 完成，结果: 失败
2025-03-29 23:10:48 [INFO] 测试管理器: 开始运行测试: 资金风险控制
2025-03-29 23:10:48 [INFO] 测试_资金风险控制: 开始测试资金风险控制功能
2025-03-29 23:10:48 [INFO] 风险控制: 风险控制器初始化完成
2025-03-29 23:10:48 [INFO] 测试_资金风险控制: 总交易次数: 3
2025-03-29 23:10:48 [INFO] 测试_资金风险控制: 000001单股交易次数: 1
2025-03-29 23:10:48 [INFO] 测试_资金风险控制: 资金风险控制测试通过
2025-03-29 23:10:48 [INFO] 测试管理器: 测试 资金风险控制 完成，结果: 成功
2025-03-29 23:11:39 [INFO] root: 日志系统已配置完成
2025-03-29 23:11:39 [INFO] 测试管理器: 测试管理器初始化完成
2025-03-29 23:11:39 [INFO] 测试管理器: 开始运行测试: 大象识别
2025-03-29 23:11:39 [INFO] 测试_大象识别: 开始测试大象识别功能
2025-03-29 23:11:40 [INFO] 大象识别器: 确认大象: 000001 价格:10.0 数量:1000 委托金额:1000000.0 档位:0 确认次数:2 存在时长:1.5秒
2025-03-29 23:11:42 [INFO] 大象识别器: 确认卖单大象: 000001 价格:10.2 数量:200000 委托金额:203999999.99999997 档位:1 确认次数:2 存在时长:1.5秒
2025-03-29 23:11:42 [INFO] 测试_大象识别: 买单大象检测结果: {'股票代码': '000001', '价格': 10.0, '数量': 1000, '委托金额': 1000000.0, '档位数': 0, '深度位置': 0, '首次发现时间': 1743261099039, '最后更新时间': 1743261100539, '确认次数': 2, '类型': '买单大象'}
2025-03-29 23:11:42 [INFO] 测试_大象识别: 卖单大象检测结果: {'股票代码': '000001', '价格': 10.2, '数量': 200000, '委托金额': 203999999.99999997, '档位数': 1, '深度位置': 1, '首次发现时间': 1743261099039, '最后更新时间': 1743261100539, '确认次数': 2, '类型': '卖单大象'}
2025-03-29 23:11:42 [INFO] 大象识别器: 已重置股票 000001 的大象跟踪状态
2025-03-29 23:11:42 [INFO] 测试_大象识别: 大象识别测试通过
2025-03-29 23:11:42 [INFO] 测试管理器: 测试 大象识别 完成，结果: 成功
2025-03-29 23:11:42 [INFO] 测试管理器: 开始运行测试: 大象消失检测
2025-03-29 23:11:42 [INFO] 测试_大象消失检测: 开始测试大象消失检测功能
2025-03-29 23:11:43 [INFO] 大象识别器: 确认大象: 000001 价格:10.0 数量:1000 委托金额:1000000.0 档位:0 确认次数:2 存在时长:1.5秒
2025-03-29 23:11:43 [INFO] 测试_大象消失检测: 已识别大象: {'股票代码': '000001', '价格': 10.0, '数量': 1000, '委托金额': 1000000.0, '档位数': 0, '深度位置': 0, '首次发现时间': 1743261102043, '最后更新时间': 1743261103543, '确认次数': 2, '类型': '买单大象'}
2025-03-29 23:11:43 [INFO] 测试_大象消失检测: 大象数量下降检测结果: False
2025-03-29 23:11:43 [INFO] 测试_大象消失检测: 大象完全消失检测结果: False
2025-03-29 23:11:43 [INFO] 测试管理器: 测试 大象消失检测 完成，结果: 失败
2025-03-29 23:11:43 [INFO] 测试管理器: 开始运行测试: 风险控制
2025-03-29 23:11:43 [INFO] 测试_风险控制: 开始测试风险控制功能
2025-03-29 23:11:43 [INFO] 风险控制: 风险控制器初始化完成
2025-03-29 23:11:43 [WARNING] 风险控制: 触发单笔亏损风控: 000001 亏损 -20000.0，超过限制 10000.0
2025-03-29 23:11:43 [INFO] 测试_风险控制: 单笔亏损检查结果: False
2025-03-29 23:11:43 [WARNING] 风险控制: 股票 000001 在风控冷却期内，禁止交易
2025-03-29 23:11:43 [INFO] 测试_风险控制: 单股亏损检查结果: False
2025-03-29 23:11:43 [WARNING] 风险控制: 股票 000001 在风控冷却期内，禁止交易
2025-03-29 23:11:43 [INFO] 测试_风险控制: 交易次数检查结果: False
2025-03-29 23:11:43 [WARNING] 风险控制: 触发单股交易次数风控: 000002 交易次数 51，超过限制 50
2025-03-29 23:11:43 [INFO] 测试_风险控制: 风控评估结果: False
2025-03-29 23:11:43 [INFO] 测试_风险控制: 重置后交易次数检查结果: True
2025-03-29 23:11:43 [ERROR] 测试_风险控制: 风险控制测试失败
2025-03-29 23:11:43 [INFO] 测试管理器: 测试 风险控制 完成，结果: 失败
2025-03-29 23:11:43 [INFO] 测试管理器: 开始运行测试: 资金风险控制
2025-03-29 23:11:43 [INFO] 测试_资金风险控制: 开始测试资金风险控制功能
2025-03-29 23:11:43 [INFO] 风险控制: 风险控制器初始化完成
2025-03-29 23:11:43 [INFO] 测试_资金风险控制: 总交易次数: 3
2025-03-29 23:11:43 [INFO] 测试_资金风险控制: 000001单股交易次数: 1
2025-03-29 23:11:43 [INFO] 测试_资金风险控制: 资金风险控制测试通过
2025-03-29 23:11:43 [INFO] 测试管理器: 测试 资金风险控制 完成，结果: 成功
2025-03-29 23:12:39 [INFO] root: 日志系统已配置完成
2025-03-29 23:12:39 [INFO] 测试管理器: 测试管理器初始化完成
2025-03-29 23:12:39 [INFO] 测试管理器: 开始运行测试: 大象识别
2025-03-29 23:12:39 [INFO] 测试_大象识别: 开始测试大象识别功能
2025-03-29 23:12:41 [INFO] 大象识别器: 确认大象: 000001 价格:10.0 数量:1000 委托金额:1000000.0 档位:0 确认次数:2 存在时长:1.5秒
2025-03-29 23:12:42 [INFO] 大象识别器: 确认卖单大象: 000001 价格:10.2 数量:200000 委托金额:203999999.99999997 档位:1 确认次数:2 存在时长:1.5秒
2025-03-29 23:12:42 [INFO] 测试_大象识别: 买单大象检测结果: {'股票代码': '000001', '价格': 10.0, '数量': 1000, '委托金额': 1000000.0, '档位数': 0, '深度位置': 0, '首次发现时间': 1743261159845, '最后更新时间': 1743261161345, '确认次数': 2, '类型': '买单大象'}
2025-03-29 23:12:42 [INFO] 测试_大象识别: 卖单大象检测结果: {'股票代码': '000001', '价格': 10.2, '数量': 200000, '委托金额': 203999999.99999997, '档位数': 1, '深度位置': 1, '首次发现时间': 1743261159845, '最后更新时间': 1743261161345, '确认次数': 2, '类型': '卖单大象'}
2025-03-29 23:12:42 [INFO] 大象识别器: 已重置股票 000001 的大象跟踪状态
2025-03-29 23:12:42 [INFO] 测试_大象识别: 大象识别测试通过
2025-03-29 23:12:42 [INFO] 测试管理器: 测试 大象识别 完成，结果: 成功
2025-03-29 23:12:42 [INFO] 测试管理器: 开始运行测试: 大象消失检测
2025-03-29 23:12:42 [INFO] 测试_大象消失检测: 开始测试大象消失检测功能
2025-03-29 23:12:44 [INFO] 大象识别器: 确认大象: 000001 价格:10.0 数量:1000 委托金额:1000000.0 档位:0 确认次数:2 存在时长:1.5秒
2025-03-29 23:12:44 [INFO] 测试_大象消失检测: 已识别大象: {'股票代码': '000001', '价格': 10.0, '数量': 1000, '委托金额': 1000000.0, '档位数': 0, '深度位置': 0, '首次发现时间': 1743261162849, '最后更新时间': 1743261164349, '确认次数': 2, '类型': '买单大象'}
2025-03-29 23:12:44 [INFO] 测试_大象消失检测: 原大象价格: 10.0, 原大象数量: 1000
2025-03-29 23:12:44 [INFO] 测试_大象消失检测: 大象数量下降检测结果: False
2025-03-29 23:12:44 [INFO] 测试_大象消失检测: 大象完全消失检测结果: False
2025-03-29 23:12:44 [INFO] 大象识别器: 已重置股票 000001 的大象跟踪状态
2025-03-29 23:12:45 [INFO] 大象识别器: 确认大象: 000001 价格:10.0 数量:1000 委托金额:1000000.0 档位:0 确认次数:2 存在时长:1.5秒
2025-03-29 23:12:45 [INFO] 测试_大象消失检测: 重新识别到大象: True
2025-03-29 23:12:45 [INFO] 测试_大象消失检测: 重置后大象完全消失检测结果: False
2025-03-29 23:12:45 [INFO] 测试_大象消失检测: 大幅数量减少检测结果: False
2025-03-29 23:12:45 [ERROR] 测试_大象消失检测: 大象消失检测测试失败
2025-03-29 23:12:45 [INFO] 测试管理器: 测试 大象消失检测 完成，结果: 失败
2025-03-29 23:12:45 [INFO] 测试管理器: 开始运行测试: 风险控制
2025-03-29 23:12:45 [INFO] 测试_风险控制: 开始测试风险控制功能
2025-03-29 23:12:45 [INFO] 风险控制: 风险控制器初始化完成
2025-03-29 23:12:45 [WARNING] 风险控制: 触发单笔亏损风控: 000001 亏损 -20000.0，超过限制 10000.0
2025-03-29 23:12:45 [INFO] 测试_风险控制: 单笔亏损检查结果: False
2025-03-29 23:12:45 [WARNING] 风险控制: 股票 000001 在风控冷却期内，禁止交易
2025-03-29 23:12:45 [INFO] 测试_风险控制: 单股亏损检查结果: False
2025-03-29 23:12:45 [WARNING] 风险控制: 股票 000001 在风控冷却期内，禁止交易
2025-03-29 23:12:45 [INFO] 测试_风险控制: 交易次数检查结果: False
2025-03-29 23:12:45 [WARNING] 风险控制: 触发单股交易次数风控: 000002 交易次数 51，超过限制 50
2025-03-29 23:12:45 [INFO] 测试_风险控制: 风控评估结果: False
2025-03-29 23:12:45 [INFO] 测试_风险控制: 重置后交易次数检查结果: True
2025-03-29 23:12:45 [INFO] 测试_风险控制: 风险控制测试通过
2025-03-29 23:12:45 [INFO] 测试管理器: 测试 风险控制 完成，结果: 成功
2025-03-29 23:12:45 [INFO] 测试管理器: 开始运行测试: 资金风险控制
2025-03-29 23:12:45 [INFO] 测试_资金风险控制: 开始测试资金风险控制功能
2025-03-29 23:12:45 [INFO] 风险控制: 风险控制器初始化完成
2025-03-29 23:12:45 [INFO] 测试_资金风险控制: 总交易次数: 3
2025-03-29 23:12:45 [INFO] 测试_资金风险控制: 000001单股交易次数: 1
2025-03-29 23:12:45 [INFO] 测试_资金风险控制: 资金风险控制测试通过
2025-03-29 23:12:45 [INFO] 测试管理器: 测试 资金风险控制 完成，结果: 成功
2025-03-29 23:17:30 [INFO] root: 日志系统已配置完成
2025-03-29 23:17:30 [INFO] 测试管理器: 测试管理器初始化完成
2025-03-29 23:17:30 [INFO] 测试管理器: 开始运行测试: 大象识别
2025-03-29 23:17:30 [INFO] 测试_大象识别: 开始测试大象识别功能
2025-03-29 23:17:32 [INFO] 大象识别器: 确认大象: 000001 价格:10.0 数量:1000 委托金额:1000000.0 档位:0 确认次数:2 存在时长:1.5秒
2025-03-29 23:17:33 [INFO] 大象识别器: 确认卖单大象: 000001 价格:10.2 数量:200000 委托金额:203999999.99999997 档位:1 确认次数:2 存在时长:1.5秒
2025-03-29 23:17:33 [INFO] 测试_大象识别: 买单大象检测结果: {'股票代码': '000001', '价格': 10.0, '数量': 1000, '委托金额': 1000000.0, '档位数': 0, '深度位置': 0, '首次发现时间': 1743261450978, '最后更新时间': 1743261452478, '确认次数': 2, '类型': '买单大象'}
2025-03-29 23:17:33 [INFO] 测试_大象识别: 卖单大象检测结果: {'股票代码': '000001', '价格': 10.2, '数量': 200000, '委托金额': 203999999.99999997, '档位数': 1, '深度位置': 1, '首次发现时间': 1743261450978, '最后更新时间': 1743261452478, '确认次数': 2, '类型': '卖单大象'}
2025-03-29 23:17:33 [INFO] 大象识别器: 已重置股票 000001 的大象跟踪状态
2025-03-29 23:17:33 [INFO] 测试_大象识别: 大象识别测试通过
2025-03-29 23:17:33 [INFO] 测试管理器: 测试 大象识别 完成，结果: 成功
2025-03-29 23:17:33 [INFO] 测试管理器: 开始运行测试: 大象消失检测
2025-03-29 23:17:33 [INFO] 测试_大象消失检测: 开始测试大象消失检测功能
2025-03-29 23:17:35 [INFO] 大象识别器: 确认大象: 000001 价格:10.0 数量:1000 委托金额:1000000.0 档位:0 确认次数:2 存在时长:1.5秒
2025-03-29 23:17:35 [INFO] 测试_大象消失检测: 已识别大象: {'股票代码': '000001', '价格': 10.0, '数量': 1000, '委托金额': 1000000.0, '档位数': 0, '深度位置': 0, '首次发现时间': 1743261453983, '最后更新时间': 1743261455483, '确认次数': 2, '类型': '买单大象'}
2025-03-29 23:17:35 [INFO] 测试_大象消失检测: 原大象价格: 10.0, 原大象数量: 1000, 深度位置: 0
2025-03-29 23:17:35 [INFO] 大象识别器: 买单大象已消失: 000001 价格:10.0 原数量:1000
2025-03-29 23:17:35 [INFO] 测试_大象消失检测: 大象数量下降检测结果(减少90%): True
2025-03-29 23:17:35 [INFO] 测试_大象消失检测: 大象完全消失检测结果(价格不存在): True
2025-03-29 23:17:35 [INFO] 测试_大象消失检测: 大象消失检测测试通过
2025-03-29 23:17:35 [INFO] 测试管理器: 测试 大象消失检测 完成，结果: 成功
2025-03-29 23:17:35 [INFO] 测试管理器: 开始运行测试: 风险控制
2025-03-29 23:17:35 [INFO] 测试_风险控制: 开始测试风险控制功能
2025-03-29 23:17:35 [INFO] 风险控制: 风险控制器初始化完成
2025-03-29 23:17:35 [WARNING] 风险控制: 触发单笔亏损风控: 000001 亏损 -20000.0，超过限制 10000.0
2025-03-29 23:17:35 [INFO] 测试_风险控制: 单笔亏损检查结果: False
2025-03-29 23:17:35 [WARNING] 风险控制: 股票 000001 在风控冷却期内，禁止交易
2025-03-29 23:17:35 [INFO] 测试_风险控制: 单股亏损检查结果: False
2025-03-29 23:17:35 [WARNING] 风险控制: 股票 000001 在风控冷却期内，禁止交易
2025-03-29 23:17:35 [INFO] 测试_风险控制: 交易次数检查结果: False
2025-03-29 23:17:35 [WARNING] 风险控制: 触发单股交易次数风控: 000002 交易次数 51，超过限制 50
2025-03-29 23:17:35 [INFO] 测试_风险控制: 风控评估结果: False
2025-03-29 23:17:35 [INFO] 测试_风险控制: 重置后交易次数检查结果: True
2025-03-29 23:17:35 [INFO] 测试_风险控制: 风险控制测试通过
2025-03-29 23:17:35 [INFO] 测试管理器: 测试 风险控制 完成，结果: 成功
2025-03-29 23:17:35 [INFO] 测试管理器: 开始运行测试: 资金风险控制
2025-03-29 23:17:35 [INFO] 测试_资金风险控制: 开始测试资金风险控制功能
2025-03-29 23:17:35 [INFO] 风险控制: 风险控制器初始化完成
2025-03-29 23:17:35 [INFO] 测试_资金风险控制: 总交易次数: 3
2025-03-29 23:17:35 [INFO] 测试_资金风险控制: 000001单股交易次数: 1
2025-03-29 23:17:35 [INFO] 测试_资金风险控制: 资金风险控制测试通过
2025-03-29 23:17:35 [INFO] 测试管理器: 测试 资金风险控制 完成，结果: 成功
2025-03-29 23:18:07 [INFO] root: 日志系统已配置完成
2025-03-29 23:18:07 [INFO] 风险控制: 风险控制器初始化完成
2025-03-29 23:18:07 [INFO] 交易执行: 交易执行器初始化完成
2025-03-29 23:18:07 [INFO] 交易执行: 调戏大象模式已启用，交易量: 100, 止盈点数: 2, 止损点数: 2
2025-03-29 23:18:07 [INFO] 大象策略: 初始化交易日志文件: logs/大象策略交易日志_20250329.log
2025-03-29 23:18:07 [INFO] 大象策略: 策略初始化完成
2025-03-29 23:18:07 [INFO] 大象策略: 从配置文件加载交易股票列表，共3只
2025-03-29 23:24:14 [INFO] root: 日志系统已配置完成
2025-03-29 23:24:14 [INFO] 风险控制: 风险控制器初始化完成
2025-03-29 23:24:14 [INFO] 交易执行: 交易执行器初始化完成
2025-03-29 23:24:14 [INFO] 交易执行: 调戏大象模式已启用，交易量: 100, 止盈点数: 2, 止损点数: 2
2025-03-29 23:26:18 [INFO] root: 日志系统已配置完成
2025-03-29 23:26:18 [INFO] 风险控制: 风险控制器初始化完成
2025-03-29 23:26:18 [INFO] 交易执行: 交易执行器初始化完成
2025-03-29 23:26:18 [INFO] 交易执行: 调戏大象模式已启用，交易量: 100, 止盈点数: 2, 止损点数: 2
2025-03-29 23:26:46 [INFO] root: 日志系统已配置完成
2025-03-29 23:26:46 [INFO] 风险控制: 风险控制器初始化完成
2025-03-29 23:26:46 [INFO] 交易执行: 交易执行器初始化完成
2025-03-29 23:26:46 [INFO] 交易执行: 调戏大象模式已启用，交易量: 100, 止盈点数: 2, 止损点数: 2
